<?xml version="1.0" encoding="utf-8"?>

<coverage line-rate="0.7417" branch-rate="0.5781000000000001" version="1.9" timestamp="1603453189" lines-covered="336"
          lines-valid="453" branches-covered="37" branches-valid="64">
	<sources>
		<source>C:\GUI\Fresh_API\alert-to-care-s22b8\</source>
	</sources>
	<packages>
		<package name="Alert-to-Care" line-rate="0.7291" branch-rate="0.5781000000000001" complexity="83">
			<classes>
				<class name="Alert_to_Care.Program" filename="Alert-to-Care\Program.cs" line-rate="0" branch-rate="1"
				       complexity="2">
					<methods>
						<method name="Main" signature="(System.String[])" line-rate="0" branch-rate="1" complexity="1">
							<lines>
								<line number="9" hits="0" branch="False" />
								<line number="12" hits="0" branch="False" />
								<line number="14" hits="0" branch="False" />
							</lines>
						</method>
						<method name="CreateHostBuilder" signature="(System.String[])" line-rate="0" branch-rate="1" complexity="1">
							<lines>
								<line number="16" hits="0" branch="False" />
								<line number="17" hits="0" branch="False" />
								<line number="18" hits="0" branch="False" />
								<line number="19" hits="0" branch="False" />
								<line number="20" hits="0" branch="False" />
								<line number="21" hits="0" branch="False" />
							</lines>
						</method>
					</methods>
					<lines>
						<line number="9" hits="0" branch="False" />
						<line number="12" hits="0" branch="False" />
						<line number="14" hits="0" branch="False" />
						<line number="16" hits="0" branch="False" />
						<line number="17" hits="0" branch="False" />
						<line number="18" hits="0" branch="False" />
						<line number="19" hits="0" branch="False" />
						<line number="20" hits="0" branch="False" />
						<line number="21" hits="0" branch="False" />
					</lines>
				</class>
				<class name="Alert_to_Care.Startup" filename="Alert-to-Care\Startup.cs" line-rate="0.8332999999999999"
				       branch-rate="0.5" complexity="5">
					<methods>
						<method name="get_Configuration" signature="()" line-rate="0" branch-rate="1" complexity="1">
							<lines>
								<line number="19" hits="0" branch="False" />
							</lines>
						</method>
						<method name="ConfigureServices" signature="(Microsoft.Extensions.DependencyInjection.IServiceCollection)"
						        line-rate="1" branch-rate="1" complexity="1">
							<lines>
								<line number="22" hits="18" branch="False" />
								<line number="23" hits="18" branch="False" />
								<line number="24" hits="18" branch="False" />
								<line number="25" hits="18" branch="False" />
								<line number="26" hits="18" branch="False" />
								<line number="27" hits="18" branch="False" />
								<line number="29" hits="18" branch="False" />
							</lines>
						</method>
						<method name="Configure"
						        signature="(Microsoft.AspNetCore.Builder.IApplicationBuilder,Microsoft.AspNetCore.Hosting.IWebHostEnvironment)"
						        line-rate="0.75" branch-rate="0.5" complexity="2">
							<lines>
								<line number="33" hits="18" branch="False" />
								<line number="34" hits="18" branch="True" condition-coverage="50% (1/2)">
									<conditions>
										<condition number="9" type="jump" coverage="50%" />
									</conditions>
								</line>
								<line number="35" hits="0" branch="False" />
								<line number="36" hits="0" branch="False" />
								<line number="37" hits="0" branch="False" />
								<line number="39" hits="18" branch="False" />
								<line number="40" hits="36" branch="False" />
								<line number="43" hits="18" branch="False" />
								<line number="44" hits="36" branch="False" />
								<line number="45" hits="36" branch="False" />
								<line number="46" hits="36" branch="False" />
								<line number="47" hits="18" branch="False" />
							</lines>
						</method>
						<method name=".ctor" signature="(Microsoft.Extensions.Configuration.IConfiguration)" line-rate="1"
						        branch-rate="1" complexity="1">
							<lines>
								<line number="14" hits="18" branch="False" />
								<line number="15" hits="18" branch="False" />
								<line number="16" hits="18" branch="False" />
								<line number="17" hits="18" branch="False" />
							</lines>
						</method>
					</methods>
					<lines>
						<line number="19" hits="0" branch="False" />
						<line number="22" hits="18" branch="False" />
						<line number="23" hits="18" branch="False" />
						<line number="24" hits="18" branch="False" />
						<line number="25" hits="18" branch="False" />
						<line number="26" hits="18" branch="False" />
						<line number="27" hits="18" branch="False" />
						<line number="29" hits="18" branch="False" />
						<line number="33" hits="18" branch="False" />
						<line number="34" hits="18" branch="True" condition-coverage="50% (1/2)">
							<conditions>
								<condition number="9" type="jump" coverage="50%" />
							</conditions>
						</line>
						<line number="35" hits="0" branch="False" />
						<line number="36" hits="0" branch="False" />
						<line number="37" hits="0" branch="False" />
						<line number="39" hits="18" branch="False" />
						<line number="40" hits="36" branch="False" />
						<line number="43" hits="18" branch="False" />
						<line number="44" hits="36" branch="False" />
						<line number="45" hits="36" branch="False" />
						<line number="46" hits="36" branch="False" />
						<line number="47" hits="18" branch="False" />
						<line number="14" hits="18" branch="False" />
						<line number="15" hits="18" branch="False" />
						<line number="16" hits="18" branch="False" />
						<line number="17" hits="18" branch="False" />
					</lines>
				</class>
				<class name="Alert_to_Care.Repository.EmailAlert" filename="Alert-to-Care\Repository\Alerter.cs" line-rate="1"
				       branch-rate="1" complexity="1">
					<methods>
						<method name="Alert" signature="(System.String)" line-rate="1" branch-rate="1" complexity="1">
							<lines>
								<line number="14" hits="3" branch="False" />
								<line number="16" hits="3" branch="False" />
								<line number="17" hits="3" branch="False" />
								<line number="18" hits="3" branch="False" />
								<line number="19" hits="3" branch="False" />
								<line number="20" hits="3" branch="False" />
								<line number="21" hits="3" branch="False" />
								<line number="22" hits="3" branch="False" />
								<line number="23" hits="3" branch="False" />
								<line number="24" hits="3" branch="False" />
								<line number="25" hits="3" branch="False" />
							</lines>
						</method>
					</methods>
					<lines>
						<line number="14" hits="3" branch="False" />
						<line number="16" hits="3" branch="False" />
						<line number="17" hits="3" branch="False" />
						<line number="18" hits="3" branch="False" />
						<line number="19" hits="3" branch="False" />
						<line number="20" hits="3" branch="False" />
						<line number="21" hits="3" branch="False" />
						<line number="22" hits="3" branch="False" />
						<line number="23" hits="3" branch="False" />
						<line number="24" hits="3" branch="False" />
						<line number="25" hits="3" branch="False" />
					</lines>
				</class>
				<class name="Alert_to_Care.Repository.CommonFunctionality"
				       filename="Alert-to-Care\Repository\CommonFunctionality.cs" line-rate="0.72" branch-rate="0.8332999999999999"
				       complexity="6">
					<methods>
						<method name="OpenFile" signature="(System.String)" line-rate="0.5" branch-rate="0.5" complexity="2">
							<lines>
								<line number="13" hits="20" branch="False" />
								<line number="14" hits="20" branch="False" />
								<line number="17" hits="20" branch="False" />
								<line number="18" hits="20" branch="True" condition-coverage="50% (1/2)">
									<conditions>
										<condition number="21" type="jump" coverage="50%" />
									</conditions>
								</line>
								<line number="19" hits="0" branch="False" />
								<line number="20" hits="0" branch="False" />
								<line number="21" hits="0" branch="False" />
								<line number="24" hits="20" branch="False" />
								<line number="25" hits="0" branch="False" />
								<line number="26" hits="0" branch="False" />
								<line number="27" hits="0" branch="False" />
								<line number="28" hits="0" branch="False" />
								<line number="29" hits="20" branch="False" />
								<line number="30" hits="20" branch="False" />
							</lines>
						</method>
						<method name="CheckIfICUExists" signature="(System.String,System.Data.SQLite.SQLiteConnection)" line-rate="1"
						        branch-rate="1" complexity="4">
							<lines>
								<line number="33" hits="9" branch="False" />
								<line number="34" hits="9" branch="False" />
								<line number="35" hits="9" branch="False" />
								<line number="36" hits="9" branch="False" />
								<line number="37" hits="9" branch="True" condition-coverage="100% (2/2)">
									<conditions>
										<condition number="26" type="jump" coverage="100%" />
									</conditions>
								</line>
								<line number="38" hits="9" branch="False" />
								<line number="39" hits="9" branch="True" condition-coverage="100% (2/2)">
									<conditions>
										<condition number="54" type="jump" coverage="100%" />
									</conditions>
								</line>
								<line number="40" hits="8" branch="False" />
								<line number="41" hits="8" branch="False" />
								<line number="43" hits="1" branch="False" />
								<line number="44" hits="1" branch="False" />
							</lines>
						</method>
					</methods>
					<lines>
						<line number="13" hits="20" branch="False" />
						<line number="14" hits="20" branch="False" />
						<line number="17" hits="20" branch="False" />
						<line number="18" hits="20" branch="True" condition-coverage="50% (1/2)">
							<conditions>
								<condition number="21" type="jump" coverage="50%" />
							</conditions>
						</line>
						<line number="19" hits="0" branch="False" />
						<line number="20" hits="0" branch="False" />
						<line number="21" hits="0" branch="False" />
						<line number="24" hits="20" branch="False" />
						<line number="25" hits="0" branch="False" />
						<line number="26" hits="0" branch="False" />
						<line number="27" hits="0" branch="False" />
						<line number="28" hits="0" branch="False" />
						<line number="29" hits="20" branch="False" />
						<line number="30" hits="20" branch="False" />
						<line number="33" hits="9" branch="False" />
						<line number="34" hits="9" branch="False" />
						<line number="35" hits="9" branch="False" />
						<line number="36" hits="9" branch="False" />
						<line number="37" hits="9" branch="True" condition-coverage="100% (2/2)">
							<conditions>
								<condition number="26" type="jump" coverage="100%" />
							</conditions>
						</line>
						<line number="38" hits="9" branch="False" />
						<line number="39" hits="9" branch="True" condition-coverage="100% (2/2)">
							<conditions>
								<condition number="54" type="jump" coverage="100%" />
							</conditions>
						</line>
						<line number="40" hits="8" branch="False" />
						<line number="41" hits="8" branch="False" />
						<line number="43" hits="1" branch="False" />
						<line number="44" hits="1" branch="False" />
					</lines>
				</class>
				<class name="Alert_to_Care.Repository.ICUDataRepository" filename="Alert-to-Care\Repository\ICUDataRepository.cs"
				       line-rate="0.8108" branch-rate="0.75" complexity="8">
					<methods>
						<method name="GetAllICU" signature="()" line-rate="1" branch-rate="1" complexity="2">
							<lines>
								<line number="36" hits="1" branch="False" />
								<line number="37" hits="1" branch="False" />
								<line number="39" hits="1" branch="False" />
								<line number="40" hits="1" branch="False" />
								<line number="41" hits="1" branch="False" />
								<line number="43" hits="1" branch="False" />
								<line number="44" hits="9" branch="True" condition-coverage="100% (2/2)">
									<conditions>
										<condition number="148" type="jump" coverage="100%" />
									</conditions>
								</line>
								<line number="45" hits="8" branch="False" />
								<line number="46" hits="8" branch="False" />
								<line number="47" hits="8" branch="False" />
								<line number="48" hits="8" branch="False" />
								<line number="49" hits="8" branch="False" />
								<line number="52" hits="8" branch="False" />
								<line number="53" hits="8" branch="False" />
								<line number="55" hits="1" branch="False" />
								<line number="56" hits="1" branch="False" />
							</lines>
						</method>
						<method name="RegisterNewICU" signature="(Models.UserInput)" line-rate="0.7" branch-rate="1" complexity="1">
							<lines>
								<line number="58" hits="1" branch="False" />
								<line number="60" hits="1" branch="False" />
								<line number="61" hits="1" branch="False" />
								<line number="62" hits="1" branch="False" />
								<line number="63" hits="1" branch="False" />
								<line number="64" hits="1" branch="False" />
								<line number="66" hits="0" branch="False" />
								<line number="67" hits="0" branch="False" />
								<line number="68" hits="0" branch="False" />
								<line number="70" hits="1" branch="False" />
							</lines>
						</method>
						<method name="ViewICU" signature="(System.Int32)" line-rate="0.5832999999999999" branch-rate="0.5" complexity="2">
							<lines>
								<line number="73" hits="2" branch="False" />
								<line number="75" hits="2" branch="False" />
								<line number="77" hits="2" branch="False" />
								<line number="78" hits="2" branch="False" />
								<line number="80" hits="2" branch="True" condition-coverage="50% (1/2)">
									<conditions>
										<condition number="52" type="jump" coverage="50%" />
									</conditions>
								</line>
								<line number="81" hits="2" branch="False" />
								<line number="83" hits="0" branch="False" />
								<line number="85" hits="0" branch="False" />
								<line number="86" hits="0" branch="False" />
								<line number="87" hits="0" branch="False" />
								<line number="91" hits="0" branch="False" />
								<line number="92" hits="2" branch="False" />
							</lines>
						</method>
						<method name="DeleteICU" signature="(System.Int32)" line-rate="1" branch-rate="1" complexity="1">
							<lines>
								<line number="95" hits="4" branch="False" />
								<line number="97" hits="4" branch="False" />
								<line number="98" hits="4" branch="False" />
								<line number="100" hits="4" branch="False" />
								<line number="103" hits="1" branch="False" />
								<line number="105" hits="1" branch="False" />
								<line number="106" hits="1" branch="False" />
								<line number="109" hits="1" branch="False" />
								<line number="110" hits="1" branch="False" />
								<line number="112" hits="1" branch="False" />
								<line number="113" hits="1" branch="False" />
								<line number="114" hits="1" branch="False" />
								<line number="115" hits="1" branch="False" />
								<line number="117" hits="3" branch="False" />
								<line number="118" hits="3" branch="False" />
								<line number="119" hits="3" branch="False" />
								<line number="122" hits="4" branch="False" />
							</lines>
						</method>
						<method name="RegisterNewICUWithGivenId" signature="(System.Int32,Models.UserInput)" line-rate="0"
						        branch-rate="1" complexity="1">
							<lines>
								<line number="123" hits="0" branch="False" />
								<line number="125" hits="0" branch="False" />
								<line number="126" hits="0" branch="False" />
								<line number="128" hits="0" branch="False" />
								<line number="129" hits="0" branch="False" />
								<line number="130" hits="0" branch="False" />
							</lines>
						</method>
						<method name=".ctor" signature="()" line-rate="1" branch-rate="1" complexity="1">
							<lines>
								<line number="14" hits="8" branch="False" />
								<line number="17" hits="8" branch="False" />
								<line number="19" hits="8" branch="False" />
								<line number="20" hits="8" branch="False" />
								<line number="21" hits="8" branch="False" />
								<line number="23" hits="8" branch="False" />
								<line number="25" hits="8" branch="False" />
								<line number="26" hits="8" branch="False" />
								<line number="27" hits="8" branch="False" />
								<line number="28" hits="8" branch="False" />
								<line number="29" hits="8" branch="False" />
								<line number="31" hits="8" branch="False" />
								<line number="33" hits="16" branch="False" />
							</lines>
						</method>
					</methods>
					<lines>
						<line number="36" hits="1" branch="False" />
						<line number="37" hits="1" branch="False" />
						<line number="39" hits="1" branch="False" />
						<line number="40" hits="1" branch="False" />
						<line number="41" hits="1" branch="False" />
						<line number="43" hits="1" branch="False" />
						<line number="44" hits="9" branch="True" condition-coverage="100% (2/2)">
							<conditions>
								<condition number="148" type="jump" coverage="100%" />
							</conditions>
						</line>
						<line number="45" hits="8" branch="False" />
						<line number="46" hits="8" branch="False" />
						<line number="47" hits="8" branch="False" />
						<line number="48" hits="8" branch="False" />
						<line number="49" hits="8" branch="False" />
						<line number="52" hits="8" branch="False" />
						<line number="53" hits="8" branch="False" />
						<line number="55" hits="1" branch="False" />
						<line number="56" hits="1" branch="False" />
						<line number="58" hits="1" branch="False" />
						<line number="60" hits="1" branch="False" />
						<line number="61" hits="1" branch="False" />
						<line number="62" hits="1" branch="False" />
						<line number="63" hits="1" branch="False" />
						<line number="64" hits="1" branch="False" />
						<line number="66" hits="0" branch="False" />
						<line number="67" hits="0" branch="False" />
						<line number="68" hits="0" branch="False" />
						<line number="70" hits="1" branch="False" />
						<line number="73" hits="2" branch="False" />
						<line number="75" hits="2" branch="False" />
						<line number="77" hits="2" branch="False" />
						<line number="78" hits="2" branch="False" />
						<line number="80" hits="2" branch="True" condition-coverage="50% (1/2)">
							<conditions>
								<condition number="52" type="jump" coverage="50%" />
							</conditions>
						</line>
						<line number="81" hits="2" branch="False" />
						<line number="83" hits="0" branch="False" />
						<line number="85" hits="0" branch="False" />
						<line number="86" hits="0" branch="False" />
						<line number="87" hits="0" branch="False" />
						<line number="91" hits="0" branch="False" />
						<line number="92" hits="2" branch="False" />
						<line number="95" hits="4" branch="False" />
						<line number="97" hits="4" branch="False" />
						<line number="98" hits="4" branch="False" />
						<line number="100" hits="4" branch="False" />
						<line number="103" hits="1" branch="False" />
						<line number="105" hits="1" branch="False" />
						<line number="106" hits="1" branch="False" />
						<line number="109" hits="1" branch="False" />
						<line number="110" hits="1" branch="False" />
						<line number="112" hits="1" branch="False" />
						<line number="113" hits="1" branch="False" />
						<line number="114" hits="1" branch="False" />
						<line number="115" hits="1" branch="False" />
						<line number="117" hits="3" branch="False" />
						<line number="118" hits="3" branch="False" />
						<line number="119" hits="3" branch="False" />
						<line number="122" hits="4" branch="False" />
						<line number="123" hits="0" branch="False" />
						<line number="125" hits="0" branch="False" />
						<line number="126" hits="0" branch="False" />
						<line number="128" hits="0" branch="False" />
						<line number="129" hits="0" branch="False" />
						<line number="130" hits="0" branch="False" />
						<line number="14" hits="8" branch="False" />
						<line number="17" hits="8" branch="False" />
						<line number="19" hits="8" branch="False" />
						<line number="20" hits="8" branch="False" />
						<line number="21" hits="8" branch="False" />
						<line number="23" hits="8" branch="False" />
						<line number="25" hits="8" branch="False" />
						<line number="26" hits="8" branch="False" />
						<line number="27" hits="8" branch="False" />
						<line number="28" hits="8" branch="False" />
						<line number="29" hits="8" branch="False" />
						<line number="31" hits="8" branch="False" />
						<line number="33" hits="16" branch="False" />
					</lines>
				</class>
				<class name="Alert_to_Care.Repository.PatientDataRepository"
				       filename="Alert-to-Care\Repository\PatientDataRepository.cs" line-rate="0.5703" branch-rate="0.3333"
				       complexity="22">
					<methods>
						<method name="AddNewPatient" signature="(System.Int32,Models.PatientDetailsInput)" line-rate="0.5555"
						        branch-rate="0.5" complexity="2">
							<lines>
								<line number="35" hits="2" branch="False" />
								<line number="36" hits="2" branch="False" />
								<line number="38" hits="2" branch="True" condition-coverage="50% (1/2)">
									<conditions>
										<condition number="15" type="jump" coverage="50%" />
									</conditions>
								</line>
								<line number="39" hits="2" branch="False" />
								<line number="41" hits="0" branch="False" />
								<line number="42" hits="0" branch="False" />
								<line number="43" hits="0" branch="False" />
								<line number="45" hits="0" branch="False" />
								<line number="46" hits="2" branch="False" />
							</lines>
						</method>
						<method name="GetPatient" signature="(System.Int32)" line-rate="0.9" branch-rate="0.5" complexity="2">
							<lines>
								<line number="49" hits="1" branch="False" />
								<line number="50" hits="1" branch="False" />
								<line number="52" hits="1" branch="False" />
								<line number="53" hits="1" branch="False" />
								<line number="54" hits="1" branch="False" />
								<line number="56" hits="1" branch="False" />
								<line number="57" hits="1" branch="True" condition-coverage="50% (1/2)">
									<conditions>
										<condition number="71" type="jump" coverage="50%" />
									</conditions>
								</line>
								<line number="58" hits="0" branch="False" />
								<line number="62" hits="1" branch="False" />
								<line number="63" hits="1" branch="False" />
							</lines>
						</method>
						<method name="GetAllPatientsInTheICU" signature="(System.Int32)" line-rate="1" branch-rate="1" complexity="1">
							<lines>
								<line number="66" hits="1" branch="False" />
								<line number="67" hits="1" branch="False" />
								<line number="69" hits="1" branch="False" />
								<line number="70" hits="1" branch="False" />
								<line number="71" hits="1" branch="False" />
								<line number="73" hits="1" branch="False" />
								<line number="75" hits="1" branch="False" />
								<line number="76" hits="1" branch="False" />
							</lines>
						</method>
						<method name="DischargePatient" signature="(System.Int32)" line-rate="0.6666" branch-rate="1" complexity="1">
							<lines>
								<line number="79" hits="5" branch="False" />
								<line number="81" hits="5" branch="False" />
								<line number="82" hits="5" branch="False" />
								<line number="84" hits="5" branch="False" />
								<line number="86" hits="0" branch="False" />
								<line number="88" hits="0" branch="False" />
								<line number="89" hits="0" branch="False" />
								<line number="90" hits="0" branch="False" />
								<line number="92" hits="5" branch="False" />
								<line number="93" hits="5" branch="False" />
								<line number="94" hits="5" branch="False" />
								<line number="97" hits="5" branch="False" />
							</lines>
						</method>
						<method name="RegisterNewPatinetWithGivenId" signature="(System.Int32,Models.PatientModel)" line-rate="0"
						        branch-rate="1" complexity="1">
							<lines>
								<line number="99" hits="0" branch="False" />
								<line number="101" hits="0" branch="False" />
								<line number="102" hits="0" branch="False" />
								<line number="103" hits="0" branch="False" />
								<line number="104" hits="0" branch="False" />
								<line number="105" hits="0" branch="False" />
							</lines>
						</method>
						<method name="ReturnBedNumber" signature="(System.Int32)" line-rate="0.8332999999999999" branch-rate="0.5"
						        complexity="4">
							<lines>
								<line number="108" hits="2" branch="False" />
								<line number="110" hits="2" branch="False" />
								<line number="112" hits="2" branch="False" />
								<line number="113" hits="2" branch="False" />
								<line number="114" hits="2" branch="False" />
								<line number="115" hits="2" branch="True" condition-coverage="50% (1/2)">
									<conditions>
										<condition number="60" type="jump" coverage="50%" />
									</conditions>
								</line>
								<line number="116" hits="0" branch="False" />
								<line number="117" hits="2" branch="False" />
								<line number="119" hits="2" branch="True" condition-coverage="50% (1/2)">
									<conditions>
										<condition number="98" type="jump" coverage="50%" />
									</conditions>
								</line>
								<line number="120" hits="2" branch="False" />
								<line number="122" hits="0" branch="False" />
								<line number="124" hits="2" branch="False" />
							</lines>
						</method>
						<method name="CapacityOfICU" signature="(System.Int32)" line-rate="0.8461" branch-rate="0.5" complexity="2">
							<lines>
								<line number="127" hits="2" branch="False" />
								<line number="129" hits="2" branch="False" />
								<line number="130" hits="2" branch="False" />
								<line number="134" hits="2" branch="False" />
								<line number="135" hits="2" branch="False" />
								<line number="136" hits="2" branch="False" />
								<line number="137" hits="2" branch="False" />
								<line number="139" hits="2" branch="False" />
								<line number="140" hits="2" branch="True" condition-coverage="50% (1/2)">
									<conditions>
										<condition number="90" type="jump" coverage="50%" />
									</conditions>
								</line>
								<line number="141" hits="2" branch="False" />
								<line number="144" hits="0" branch="False" />
								<line number="145" hits="0" branch="False" />
								<line number="146" hits="2" branch="False" />
							</lines>
						</method>
						<method name="ProcessBedNumber" signature="(System.Int32,System.Int32)" line-rate="0" branch-rate="0"
						        complexity="2">
							<lines>
								<line number="149" hits="0" branch="False" />
								<line number="150" hits="0" branch="False" />
								<line number="151" hits="0" branch="False" />
								<line number="152" hits="0" branch="False" />
								<line number="153" hits="0" branch="False" />
								<line number="156" hits="0" branch="True" condition-coverage="0% (0/2)">
									<conditions>
										<condition number="86" type="jump" coverage="0%" />
									</conditions>
								</line>
								<line number="157" hits="0" branch="False" />
								<line number="158" hits="0" branch="False" />
								<line number="159" hits="0" branch="False" />
								<line number="160" hits="0" branch="False" />
								<line number="162" hits="0" branch="False" />
								<line number="163" hits="0" branch="False" />
							</lines>
						</method>
						<method name="ProcessNumberHelper" signature="(System.Int32,System.Boolean[])" line-rate="0" branch-rate="0"
						        complexity="4">
							<lines>
								<line number="166" hits="0" branch="False" />
								<line number="167" hits="0" branch="False" />
								<line number="168" hits="0" branch="False" />
								<line number="170" hits="0" branch="True" condition-coverage="0% (0/2)">
									<conditions>
										<condition number="37" type="jump" coverage="0%" />
									</conditions>
								</line>
								<line number="171" hits="0" branch="False" />
								<line number="172" hits="0" branch="True" condition-coverage="0% (0/2)">
									<conditions>
										<condition number="16" type="jump" coverage="0%" />
									</conditions>
								</line>
								<line number="173" hits="0" branch="False" />
								<line number="174" hits="0" branch="False" />
								<line number="175" hits="0" branch="False" />
								<line number="177" hits="0" branch="False" />
								<line number="178" hits="0" branch="False" />
								<line number="179" hits="0" branch="False" />
								<line number="180" hits="0" branch="False" />
							</lines>
						</method>
						<method name="RetrievePatient" signature="(System.Data.SQLite.SQLiteDataReader)" line-rate="0.3125"
						        branch-rate="0.5" complexity="2">
							<lines>
								<line number="183" hits="2" branch="False" />
								<line number="184" hits="2" branch="False" />
								<line number="185" hits="2" branch="True" condition-coverage="50% (1/2)">
									<conditions>
										<condition number="201" type="jump" coverage="50%" />
									</conditions>
								</line>
								<line number="186" hits="0" branch="False" />
								<line number="188" hits="0" branch="False" />
								<line number="189" hits="0" branch="False" />
								<line number="190" hits="0" branch="False" />
								<line number="191" hits="0" branch="False" />
								<line number="192" hits="0" branch="False" />
								<line number="193" hits="0" branch="False" />
								<line number="194" hits="0" branch="False" />
								<line number="195" hits="0" branch="False" />
								<line number="196" hits="0" branch="False" />
								<line number="198" hits="0" branch="False" />
								<line number="199" hits="2" branch="False" />
								<line number="200" hits="2" branch="False" />
							</lines>
						</method>
						<method name=".ctor" signature="()" line-rate="1" branch-rate="1" complexity="1">
							<lines>
								<line number="12" hits="9" branch="False" />
								<line number="13" hits="9" branch="False" />
								<line number="15" hits="9" branch="False" />
								<line number="16" hits="9" branch="False" />
								<line number="17" hits="9" branch="False" />
								<line number="19" hits="9" branch="False" />
								<line number="21" hits="9" branch="False" />
								<line number="22" hits="9" branch="False" />
								<line number="23" hits="9" branch="False" />
								<line number="24" hits="9" branch="False" />
								<line number="25" hits="9" branch="False" />
								<line number="26" hits="9" branch="False" />
								<line number="27" hits="9" branch="False" />
								<line number="28" hits="9" branch="False" />
								<line number="29" hits="9" branch="False" />
								<line number="30" hits="9" branch="False" />
								<line number="31" hits="18" branch="False" />
							</lines>
						</method>
					</methods>
					<lines>
						<line number="35" hits="2" branch="False" />
						<line number="36" hits="2" branch="False" />
						<line number="38" hits="2" branch="True" condition-coverage="50% (1/2)">
							<conditions>
								<condition number="15" type="jump" coverage="50%" />
							</conditions>
						</line>
						<line number="39" hits="2" branch="False" />
						<line number="41" hits="0" branch="False" />
						<line number="42" hits="0" branch="False" />
						<line number="43" hits="0" branch="False" />
						<line number="45" hits="0" branch="False" />
						<line number="46" hits="2" branch="False" />
						<line number="49" hits="1" branch="False" />
						<line number="50" hits="1" branch="False" />
						<line number="52" hits="1" branch="False" />
						<line number="53" hits="1" branch="False" />
						<line number="54" hits="1" branch="False" />
						<line number="56" hits="1" branch="False" />
						<line number="57" hits="1" branch="True" condition-coverage="50% (1/2)">
							<conditions>
								<condition number="71" type="jump" coverage="50%" />
							</conditions>
						</line>
						<line number="58" hits="0" branch="False" />
						<line number="62" hits="1" branch="False" />
						<line number="63" hits="1" branch="False" />
						<line number="66" hits="1" branch="False" />
						<line number="67" hits="1" branch="False" />
						<line number="69" hits="1" branch="False" />
						<line number="70" hits="1" branch="False" />
						<line number="71" hits="1" branch="False" />
						<line number="73" hits="1" branch="False" />
						<line number="75" hits="1" branch="False" />
						<line number="76" hits="1" branch="False" />
						<line number="79" hits="5" branch="False" />
						<line number="81" hits="5" branch="False" />
						<line number="82" hits="5" branch="False" />
						<line number="84" hits="5" branch="False" />
						<line number="86" hits="0" branch="False" />
						<line number="88" hits="0" branch="False" />
						<line number="89" hits="0" branch="False" />
						<line number="90" hits="0" branch="False" />
						<line number="92" hits="5" branch="False" />
						<line number="93" hits="5" branch="False" />
						<line number="94" hits="5" branch="False" />
						<line number="97" hits="5" branch="False" />
						<line number="99" hits="0" branch="False" />
						<line number="101" hits="0" branch="False" />
						<line number="102" hits="0" branch="False" />
						<line number="103" hits="0" branch="False" />
						<line number="104" hits="0" branch="False" />
						<line number="105" hits="0" branch="False" />
						<line number="108" hits="2" branch="False" />
						<line number="110" hits="2" branch="False" />
						<line number="112" hits="2" branch="False" />
						<line number="113" hits="2" branch="False" />
						<line number="114" hits="2" branch="False" />
						<line number="115" hits="2" branch="True" condition-coverage="50% (1/2)">
							<conditions>
								<condition number="60" type="jump" coverage="50%" />
							</conditions>
						</line>
						<line number="116" hits="0" branch="False" />
						<line number="117" hits="2" branch="False" />
						<line number="119" hits="2" branch="True" condition-coverage="50% (1/2)">
							<conditions>
								<condition number="98" type="jump" coverage="50%" />
							</conditions>
						</line>
						<line number="120" hits="2" branch="False" />
						<line number="122" hits="0" branch="False" />
						<line number="124" hits="2" branch="False" />
						<line number="127" hits="2" branch="False" />
						<line number="129" hits="2" branch="False" />
						<line number="130" hits="2" branch="False" />
						<line number="134" hits="2" branch="False" />
						<line number="135" hits="2" branch="False" />
						<line number="136" hits="2" branch="False" />
						<line number="137" hits="2" branch="False" />
						<line number="139" hits="2" branch="False" />
						<line number="140" hits="2" branch="True" condition-coverage="50% (1/2)">
							<conditions>
								<condition number="90" type="jump" coverage="50%" />
							</conditions>
						</line>
						<line number="141" hits="2" branch="False" />
						<line number="144" hits="0" branch="False" />
						<line number="145" hits="0" branch="False" />
						<line number="146" hits="2" branch="False" />
						<line number="149" hits="0" branch="False" />
						<line number="150" hits="0" branch="False" />
						<line number="151" hits="0" branch="False" />
						<line number="152" hits="0" branch="False" />
						<line number="153" hits="0" branch="False" />
						<line number="156" hits="0" branch="True" condition-coverage="0% (0/2)">
							<conditions>
								<condition number="86" type="jump" coverage="0%" />
							</conditions>
						</line>
						<line number="157" hits="0" branch="False" />
						<line number="158" hits="0" branch="False" />
						<line number="159" hits="0" branch="False" />
						<line number="160" hits="0" branch="False" />
						<line number="162" hits="0" branch="False" />
						<line number="163" hits="0" branch="False" />
						<line number="166" hits="0" branch="False" />
						<line number="167" hits="0" branch="False" />
						<line number="168" hits="0" branch="False" />
						<line number="170" hits="0" branch="True" condition-coverage="0% (0/2)">
							<conditions>
								<condition number="37" type="jump" coverage="0%" />
							</conditions>
						</line>
						<line number="171" hits="0" branch="False" />
						<line number="172" hits="0" branch="True" condition-coverage="0% (0/2)">
							<conditions>
								<condition number="16" type="jump" coverage="0%" />
							</conditions>
						</line>
						<line number="173" hits="0" branch="False" />
						<line number="174" hits="0" branch="False" />
						<line number="175" hits="0" branch="False" />
						<line number="177" hits="0" branch="False" />
						<line number="178" hits="0" branch="False" />
						<line number="179" hits="0" branch="False" />
						<line number="180" hits="0" branch="False" />
						<line number="183" hits="2" branch="False" />
						<line number="184" hits="2" branch="False" />
						<line number="185" hits="2" branch="True" condition-coverage="50% (1/2)">
							<conditions>
								<condition number="201" type="jump" coverage="50%" />
							</conditions>
						</line>
						<line number="186" hits="0" branch="False" />
						<line number="188" hits="0" branch="False" />
						<line number="189" hits="0" branch="False" />
						<line number="190" hits="0" branch="False" />
						<line number="191" hits="0" branch="False" />
						<line number="192" hits="0" branch="False" />
						<line number="193" hits="0" branch="False" />
						<line number="194" hits="0" branch="False" />
						<line number="195" hits="0" branch="False" />
						<line number="196" hits="0" branch="False" />
						<line number="198" hits="0" branch="False" />
						<line number="199" hits="2" branch="False" />
						<line number="200" hits="2" branch="False" />
						<line number="12" hits="9" branch="False" />
						<line number="13" hits="9" branch="False" />
						<line number="15" hits="9" branch="False" />
						<line number="16" hits="9" branch="False" />
						<line number="17" hits="9" branch="False" />
						<line number="19" hits="9" branch="False" />
						<line number="21" hits="9" branch="False" />
						<line number="22" hits="9" branch="False" />
						<line number="23" hits="9" branch="False" />
						<line number="24" hits="9" branch="False" />
						<line number="25" hits="9" branch="False" />
						<line number="26" hits="9" branch="False" />
						<line number="27" hits="9" branch="False" />
						<line number="28" hits="9" branch="False" />
						<line number="29" hits="9" branch="False" />
						<line number="30" hits="9" branch="False" />
						<line number="31" hits="18" branch="False" />
					</lines>
				</class>
				<class name="Alert_to_Care.Repository.VitalsCheckerRepository"
				       filename="Alert-to-Care\Repository\VitalsCheckerRepository.cs" line-rate="1" branch-rate="0.7857"
				       complexity="15">
					<methods>
						<method name="AlertForBPM"
						        signature="(System.Int32,System.Int32,System.Int32,System.Collections.Generic.List`1&lt;Models.PatientVitals&gt;,System.Int32)"
						        line-rate="1" branch-rate="0.75" complexity="4">
							<lines>
								<line number="25" hits="1" branch="False" />
								<line number="26" hits="1" branch="True" condition-coverage="75% (3/4)">
									<conditions>
										<condition number="3" type="jump" coverage="50%" />
										<condition number="14" type="jump" coverage="100%" />
									</conditions>
								</line>
								<line number="27" hits="1" branch="False" />
								<line number="28" hits="1" branch="False" />
								<line number="29" hits="1" branch="False" />
								<line number="30" hits="1" branch="False" />
							</lines>
						</method>
						<method name="AlertForSpo2"
						        signature="(System.Int32,System.Int32,System.Int32,System.Collections.Generic.List`1&lt;Models.PatientVitals&gt;,System.Int32)"
						        line-rate="1" branch-rate="0.75" complexity="4">
							<lines>
								<line number="33" hits="1" branch="False" />
								<line number="34" hits="1" branch="True" condition-coverage="75% (3/4)">
									<conditions>
										<condition number="3" type="jump" coverage="50%" />
										<condition number="14" type="jump" coverage="100%" />
									</conditions>
								</line>
								<line number="35" hits="1" branch="False" />
								<line number="36" hits="1" branch="False" />
								<line number="37" hits="1" branch="False" />
								<line number="38" hits="1" branch="False" />
							</lines>
						</method>
						<method name="AlertForRR"
						        signature="(System.Int32,System.Int32,System.Int32,System.Collections.Generic.List`1&lt;Models.PatientVitals&gt;,System.Int32)"
						        line-rate="1" branch-rate="0.75" complexity="4">
							<lines>
								<line number="41" hits="1" branch="False" />
								<line number="42" hits="1" branch="True" condition-coverage="75% (3/4)">
									<conditions>
										<condition number="3" type="jump" coverage="50%" />
										<condition number="14" type="jump" coverage="100%" />
									</conditions>
								</line>
								<line number="43" hits="1" branch="False" />
								<line number="44" hits="1" branch="False" />
								<line number="45" hits="1" branch="False" />
								<line number="46" hits="1" branch="False" />
							</lines>
						</method>
						<method name="CheckVitals" signature="(System.Collections.Generic.List`1&lt;Models.PatientVitals&gt;)"
						        line-rate="1" branch-rate="1" complexity="2">
							<lines>
								<line number="48" hits="1" branch="False" />
								<line number="49" hits="5" branch="True" condition-coverage="100% (2/2)">
									<conditions>
										<condition number="178" type="jump" coverage="100%" />
									</conditions>
								</line>
								<line number="51" hits="1" branch="False" />
								<line number="53" hits="1" branch="False" />
								<line number="55" hits="1" branch="False" />
								<line number="57" hits="1" branch="False" />
								<line number="58" hits="1" branch="False" />
								<line number="60" hits="1" branch="False" />
							</lines>
						</method>
						<method name=".ctor" signature="()" line-rate="1" branch-rate="1" complexity="1">
							<lines>
								<line number="8" hits="1" branch="False" />
								<line number="9" hits="1" branch="False" />
								<line number="10" hits="1" branch="False" />
								<line number="11" hits="1" branch="False" />
								<line number="12" hits="1" branch="False" />
								<line number="14" hits="1" branch="False" />
								<line number="15" hits="1" branch="False" />
								<line number="17" hits="1" branch="False" />
								<line number="18" hits="1" branch="False" />
								<line number="20" hits="1" branch="False" />
								<line number="21" hits="1" branch="False" />
								<line number="22" hits="1" branch="False" />
							</lines>
						</method>
					</methods>
					<lines>
						<line number="25" hits="1" branch="False" />
						<line number="26" hits="1" branch="True" condition-coverage="75% (3/4)">
							<conditions>
								<condition number="3" type="jump" coverage="50%" />
								<condition number="14" type="jump" coverage="100%" />
							</conditions>
						</line>
						<line number="27" hits="1" branch="False" />
						<line number="28" hits="1" branch="False" />
						<line number="29" hits="1" branch="False" />
						<line number="30" hits="1" branch="False" />
						<line number="33" hits="1" branch="False" />
						<line number="34" hits="1" branch="True" condition-coverage="75% (3/4)">
							<conditions>
								<condition number="3" type="jump" coverage="50%" />
								<condition number="14" type="jump" coverage="100%" />
							</conditions>
						</line>
						<line number="35" hits="1" branch="False" />
						<line number="36" hits="1" branch="False" />
						<line number="37" hits="1" branch="False" />
						<line number="38" hits="1" branch="False" />
						<line number="41" hits="1" branch="False" />
						<line number="42" hits="1" branch="True" condition-coverage="75% (3/4)">
							<conditions>
								<condition number="3" type="jump" coverage="50%" />
								<condition number="14" type="jump" coverage="100%" />
							</conditions>
						</line>
						<line number="43" hits="1" branch="False" />
						<line number="44" hits="1" branch="False" />
						<line number="45" hits="1" branch="False" />
						<line number="46" hits="1" branch="False" />
						<line number="48" hits="1" branch="False" />
						<line number="49" hits="5" branch="True" condition-coverage="100% (2/2)">
							<conditions>
								<condition number="178" type="jump" coverage="100%" />
							</conditions>
						</line>
						<line number="51" hits="1" branch="False" />
						<line number="53" hits="1" branch="False" />
						<line number="55" hits="1" branch="False" />
						<line number="57" hits="1" branch="False" />
						<line number="58" hits="1" branch="False" />
						<line number="60" hits="1" branch="False" />
						<line number="8" hits="1" branch="False" />
						<line number="9" hits="1" branch="False" />
						<line number="10" hits="1" branch="False" />
						<line number="11" hits="1" branch="False" />
						<line number="12" hits="1" branch="False" />
						<line number="14" hits="1" branch="False" />
						<line number="15" hits="1" branch="False" />
						<line number="17" hits="1" branch="False" />
						<line number="18" hits="1" branch="False" />
						<line number="20" hits="1" branch="False" />
						<line number="21" hits="1" branch="False" />
						<line number="22" hits="1" branch="False" />
					</lines>
				</class>
				<class name="Alert_to_Care.Controller.ICUConfigController"
				       filename="Alert-to-Care\Controller\ICUConfigController.cs" line-rate="0.7757999999999999" branch-rate="0.6"
				       complexity="11">
					<methods>
						<method name="Get" signature="()" line-rate="0.75" branch-rate="0.5" complexity="2">
							<lines>
								<line number="26" hits="1" branch="False" />
								<line number="27" hits="1" branch="False" />
								<line number="28" hits="1" branch="True" condition-coverage="50% (1/2)">
									<conditions>
										<condition number="19" type="jump" coverage="50%" />
									</conditions>
								</line>
								<line number="29" hits="0" branch="False" />
								<line number="30" hits="0" branch="False" />
								<line number="32" hits="1" branch="False" />
								<line number="33" hits="1" branch="False" />
								<line number="35" hits="1" branch="False" />
							</lines>
						</method>
						<method name="Get" signature="(System.Int32)" line-rate="0.7777" branch-rate="0.5" complexity="2">
							<lines>
								<line number="40" hits="2" branch="False" />
								<line number="42" hits="2" branch="False" />
								<line number="43" hits="2" branch="True" condition-coverage="50% (1/2)">
									<conditions>
										<condition number="20" type="jump" coverage="50%" />
									</conditions>
								</line>
								<line number="44" hits="0" branch="False" />
								<line number="45" hits="0" branch="False" />
								<line number="48" hits="2" branch="False" />
								<line number="49" hits="2" branch="False" />
								<line number="50" hits="2" branch="False" />
								<line number="52" hits="2" branch="False" />
							</lines>
						</method>
						<method name="Post" signature="(Models.UserInput)" line-rate="0.6666" branch-rate="0.5" complexity="2">
							<lines>
								<line number="57" hits="1" branch="False" />
								<line number="59" hits="1" branch="False" />
								<line number="60" hits="1" branch="True" condition-coverage="50% (1/2)">
									<conditions>
										<condition number="17" type="jump" coverage="50%" />
									</conditions>
								</line>
								<line number="61" hits="1" branch="False" />
								<line number="62" hits="1" branch="False" />
								<line number="63" hits="1" branch="False" />
								<line number="64" hits="1" branch="False" />
								<line number="67" hits="0" branch="False" />
								<line number="68" hits="0" branch="False" />
								<line number="69" hits="0" branch="False" />
								<line number="70" hits="0" branch="False" />
								<line number="74" hits="1" branch="False" />
							</lines>
						</method>
						<method name="Delete" signature="(System.Int32)" line-rate="1" branch-rate="1" complexity="2">
							<lines>
								<line number="79" hits="2" branch="False" />
								<line number="81" hits="2" branch="False" />
								<line number="82" hits="2" branch="True" condition-coverage="100% (2/2)">
									<conditions>
										<condition number="17" type="jump" coverage="100%" />
									</conditions>
								</line>
								<line number="83" hits="1" branch="False" />
								<line number="84" hits="1" branch="False" />
								<line number="85" hits="1" branch="False" />
								<line number="86" hits="1" branch="False" />
								<line number="89" hits="1" branch="False" />
								<line number="90" hits="1" branch="False" />
								<line number="91" hits="1" branch="False" />
								<line number="92" hits="1" branch="False" />
								<line number="98" hits="2" branch="False" />
							</lines>
						</method>
						<method name="Update" signature="(System.Int32,Models.UserInput)" line-rate="0.6153" branch-rate="0.5"
						        complexity="2">
							<lines>
								<line number="103" hits="2" branch="False" />
								<line number="105" hits="2" branch="False" />
								<line number="106" hits="2" branch="True" condition-coverage="50% (1/2)">
									<conditions>
										<condition number="17" type="jump" coverage="50%" />
									</conditions>
								</line>
								<line number="107" hits="0" branch="False" />
								<line number="108" hits="0" branch="False" />
								<line number="109" hits="0" branch="False" />
								<line number="110" hits="0" branch="False" />
								<line number="111" hits="0" branch="False" />
								<line number="115" hits="2" branch="False" />
								<line number="116" hits="2" branch="False" />
								<line number="117" hits="2" branch="False" />
								<line number="118" hits="2" branch="False" />
								<line number="123" hits="2" branch="False" />
							</lines>
						</method>
						<method name=".ctor" signature="(Alert_to_Care.Repository.IICUData)" line-rate="1" branch-rate="1" complexity="1">
							<lines>
								<line number="18" hits="8" branch="False" />
								<line number="19" hits="8" branch="False" />
								<line number="20" hits="8" branch="False" />
								<line number="21" hits="8" branch="False" />
							</lines>
						</method>
					</methods>
					<lines>
						<line number="26" hits="1" branch="False" />
						<line number="27" hits="1" branch="False" />
						<line number="28" hits="1" branch="True" condition-coverage="50% (1/2)">
							<conditions>
								<condition number="19" type="jump" coverage="50%" />
							</conditions>
						</line>
						<line number="29" hits="0" branch="False" />
						<line number="30" hits="0" branch="False" />
						<line number="32" hits="1" branch="False" />
						<line number="33" hits="1" branch="False" />
						<line number="35" hits="1" branch="False" />
						<line number="40" hits="2" branch="False" />
						<line number="42" hits="2" branch="False" />
						<line number="43" hits="2" branch="True" condition-coverage="50% (1/2)">
							<conditions>
								<condition number="20" type="jump" coverage="50%" />
							</conditions>
						</line>
						<line number="44" hits="0" branch="False" />
						<line number="45" hits="0" branch="False" />
						<line number="48" hits="2" branch="False" />
						<line number="49" hits="2" branch="False" />
						<line number="50" hits="2" branch="False" />
						<line number="52" hits="2" branch="False" />
						<line number="57" hits="1" branch="False" />
						<line number="59" hits="1" branch="False" />
						<line number="60" hits="1" branch="True" condition-coverage="50% (1/2)">
							<conditions>
								<condition number="17" type="jump" coverage="50%" />
							</conditions>
						</line>
						<line number="61" hits="1" branch="False" />
						<line number="62" hits="1" branch="False" />
						<line number="63" hits="1" branch="False" />
						<line number="64" hits="1" branch="False" />
						<line number="67" hits="0" branch="False" />
						<line number="68" hits="0" branch="False" />
						<line number="69" hits="0" branch="False" />
						<line number="70" hits="0" branch="False" />
						<line number="74" hits="1" branch="False" />
						<line number="79" hits="2" branch="False" />
						<line number="81" hits="2" branch="False" />
						<line number="82" hits="2" branch="True" condition-coverage="100% (2/2)">
							<conditions>
								<condition number="17" type="jump" coverage="100%" />
							</conditions>
						</line>
						<line number="83" hits="1" branch="False" />
						<line number="84" hits="1" branch="False" />
						<line number="85" hits="1" branch="False" />
						<line number="86" hits="1" branch="False" />
						<line number="89" hits="1" branch="False" />
						<line number="90" hits="1" branch="False" />
						<line number="91" hits="1" branch="False" />
						<line number="92" hits="1" branch="False" />
						<line number="98" hits="2" branch="False" />
						<line number="103" hits="2" branch="False" />
						<line number="105" hits="2" branch="False" />
						<line number="106" hits="2" branch="True" condition-coverage="50% (1/2)">
							<conditions>
								<condition number="17" type="jump" coverage="50%" />
							</conditions>
						</line>
						<line number="107" hits="0" branch="False" />
						<line number="108" hits="0" branch="False" />
						<line number="109" hits="0" branch="False" />
						<line number="110" hits="0" branch="False" />
						<line number="111" hits="0" branch="False" />
						<line number="115" hits="2" branch="False" />
						<line number="116" hits="2" branch="False" />
						<line number="117" hits="2" branch="False" />
						<line number="118" hits="2" branch="False" />
						<line number="123" hits="2" branch="False" />
						<line number="18" hits="8" branch="False" />
						<line number="19" hits="8" branch="False" />
						<line number="20" hits="8" branch="False" />
						<line number="21" hits="8" branch="False" />
					</lines>
				</class>
				<class name="Alert_to_Care.Controller.OccupancyManagementController"
				       filename="Alert-to-Care\Controller\OccupancyManagementController.cs" line-rate="0.7272" branch-rate="0.5"
				       complexity="11">
					<methods>
						<method name="Get" signature="(System.Int32)" line-rate="0.8571" branch-rate="0.5" complexity="2">
							<lines>
								<line number="45" hits="1" branch="False" />
								<line number="47" hits="1" branch="False" />
								<line number="48" hits="1" branch="True" condition-coverage="50% (1/2)">
									<conditions>
										<condition number="25" type="jump" coverage="50%" />
									</conditions>
								</line>
								<line number="49" hits="0" branch="False" />
								<line number="51" hits="1" branch="False" />
								<line number="52" hits="1" branch="False" />
								<line number="54" hits="1" branch="False" />
							</lines>
						</method>
						<method name="GetPatientById" signature="(System.Int32)" line-rate="0.8571" branch-rate="0.5" complexity="2">
							<lines>
								<line number="60" hits="1" branch="False" />
								<line number="61" hits="1" branch="False" />
								<line number="62" hits="1" branch="True" condition-coverage="50% (1/2)">
									<conditions>
										<condition number="20" type="jump" coverage="50%" />
									</conditions>
								</line>
								<line number="63" hits="0" branch="False" />
								<line number="65" hits="1" branch="False" />
								<line number="66" hits="1" branch="False" />
								<line number="68" hits="1" branch="False" />
							</lines>
						</method>
						<method name="Post" signature="(System.Int32,Models.PatientDetailsInput)" line-rate="0.6666" branch-rate="0.5"
						        complexity="2">
							<lines>
								<line number="73" hits="2" branch="False" />
								<line number="74" hits="2" branch="False" />
								<line number="75" hits="2" branch="True" condition-coverage="50% (1/2)">
									<conditions>
										<condition number="18" type="jump" coverage="50%" />
									</conditions>
								</line>
								<line number="76" hits="0" branch="False" />
								<line number="77" hits="0" branch="False" />
								<line number="78" hits="0" branch="False" />
								<line number="79" hits="0" branch="False" />
								<line number="82" hits="2" branch="False" />
								<line number="83" hits="2" branch="False" />
								<line number="84" hits="2" branch="False" />
								<line number="85" hits="2" branch="False" />
								<line number="88" hits="2" branch="False" />
							</lines>
						</method>
						<method name="Delete" signature="(System.Int32)" line-rate="0.6666" branch-rate="0.5" complexity="2">
							<lines>
								<line number="94" hits="2" branch="False" />
								<line number="96" hits="2" branch="False" />
								<line number="97" hits="2" branch="True" condition-coverage="50% (1/2)">
									<conditions>
										<condition number="17" type="jump" coverage="50%" />
									</conditions>
								</line>
								<line number="98" hits="0" branch="False" />
								<line number="99" hits="0" branch="False" />
								<line number="100" hits="0" branch="False" />
								<line number="101" hits="0" branch="False" />
								<line number="104" hits="2" branch="False" />
								<line number="105" hits="2" branch="False" />
								<line number="106" hits="2" branch="False" />
								<line number="107" hits="2" branch="False" />
								<line number="110" hits="2" branch="False" />
							</lines>
						</method>
						<method name="Update" signature="(System.Int32,Models.PatientModel)" line-rate="0.6153" branch-rate="0.5"
						        complexity="2">
							<lines>
								<line number="117" hits="3" branch="False" />
								<line number="118" hits="3" branch="False" />
								<line number="119" hits="3" branch="True" condition-coverage="50% (1/2)">
									<conditions>
										<condition number="17" type="jump" coverage="50%" />
									</conditions>
								</line>
								<line number="120" hits="0" branch="False" />
								<line number="121" hits="0" branch="False" />
								<line number="123" hits="0" branch="False" />
								<line number="124" hits="0" branch="False" />
								<line number="125" hits="0" branch="False" />
								<line number="128" hits="3" branch="False" />
								<line number="129" hits="3" branch="False" />
								<line number="130" hits="3" branch="False" />
								<line number="131" hits="3" branch="False" />
								<line number="136" hits="3" branch="False" />
							</lines>
						</method>
						<method name=".ctor" signature="(Alert_to_Care.Repository.IPatientData)" line-rate="1" branch-rate="1"
						        complexity="1">
							<lines>
								<line number="18" hits="9" branch="False" />
								<line number="19" hits="9" branch="False" />
								<line number="20" hits="9" branch="False" />
								<line number="21" hits="9" branch="False" />
							</lines>
						</method>
					</methods>
					<lines>
						<line number="45" hits="1" branch="False" />
						<line number="47" hits="1" branch="False" />
						<line number="48" hits="1" branch="True" condition-coverage="50% (1/2)">
							<conditions>
								<condition number="25" type="jump" coverage="50%" />
							</conditions>
						</line>
						<line number="49" hits="0" branch="False" />
						<line number="51" hits="1" branch="False" />
						<line number="52" hits="1" branch="False" />
						<line number="54" hits="1" branch="False" />
						<line number="60" hits="1" branch="False" />
						<line number="61" hits="1" branch="False" />
						<line number="62" hits="1" branch="True" condition-coverage="50% (1/2)">
							<conditions>
								<condition number="20" type="jump" coverage="50%" />
							</conditions>
						</line>
						<line number="63" hits="0" branch="False" />
						<line number="65" hits="1" branch="False" />
						<line number="66" hits="1" branch="False" />
						<line number="68" hits="1" branch="False" />
						<line number="73" hits="2" branch="False" />
						<line number="74" hits="2" branch="False" />
						<line number="75" hits="2" branch="True" condition-coverage="50% (1/2)">
							<conditions>
								<condition number="18" type="jump" coverage="50%" />
							</conditions>
						</line>
						<line number="76" hits="0" branch="False" />
						<line number="77" hits="0" branch="False" />
						<line number="78" hits="0" branch="False" />
						<line number="79" hits="0" branch="False" />
						<line number="82" hits="2" branch="False" />
						<line number="83" hits="2" branch="False" />
						<line number="84" hits="2" branch="False" />
						<line number="85" hits="2" branch="False" />
						<line number="88" hits="2" branch="False" />
						<line number="94" hits="2" branch="False" />
						<line number="96" hits="2" branch="False" />
						<line number="97" hits="2" branch="True" condition-coverage="50% (1/2)">
							<conditions>
								<condition number="17" type="jump" coverage="50%" />
							</conditions>
						</line>
						<line number="98" hits="0" branch="False" />
						<line number="99" hits="0" branch="False" />
						<line number="100" hits="0" branch="False" />
						<line number="101" hits="0" branch="False" />
						<line number="104" hits="2" branch="False" />
						<line number="105" hits="2" branch="False" />
						<line number="106" hits="2" branch="False" />
						<line number="107" hits="2" branch="False" />
						<line number="110" hits="2" branch="False" />
						<line number="117" hits="3" branch="False" />
						<line number="118" hits="3" branch="False" />
						<line number="119" hits="3" branch="True" condition-coverage="50% (1/2)">
							<conditions>
								<condition number="17" type="jump" coverage="50%" />
							</conditions>
						</line>
						<line number="120" hits="0" branch="False" />
						<line number="121" hits="0" branch="False" />
						<line number="123" hits="0" branch="False" />
						<line number="124" hits="0" branch="False" />
						<line number="125" hits="0" branch="False" />
						<line number="128" hits="3" branch="False" />
						<line number="129" hits="3" branch="False" />
						<line number="130" hits="3" branch="False" />
						<line number="131" hits="3" branch="False" />
						<line number="136" hits="3" branch="False" />
						<line number="18" hits="9" branch="False" />
						<line number="19" hits="9" branch="False" />
						<line number="20" hits="9" branch="False" />
						<line number="21" hits="9" branch="False" />
					</lines>
				</class>
				<class name="Alert_to_Care.Controller.VitalsAlertController"
				       filename="Alert-to-Care\Controller\VitalsAlertController.cs" line-rate="1" branch-rate="1" complexity="2">
					<methods>
						<method name="Post" signature="(System.Collections.Generic.List`1&lt;Models.PatientVitals&gt;)" line-rate="1"
						        branch-rate="1" complexity="1">
							<lines>
								<line number="26" hits="1" branch="False" />
								<line number="27" hits="1" branch="False" />
								<line number="28" hits="1" branch="False" />
								<line number="29" hits="1" branch="False" />
								<line number="30" hits="1" branch="False" />
								<line number="31" hits="1" branch="False" />
							</lines>
						</method>
						<method name=".ctor" signature="(Alert_to_Care.Repository.IVitalsCheckerRepository)" line-rate="1"
						        branch-rate="1" complexity="1">
							<lines>
								<line number="16" hits="1" branch="False" />
								<line number="17" hits="1" branch="False" />
								<line number="18" hits="1" branch="False" />
								<line number="19" hits="1" branch="False" />
							</lines>
						</method>
					</methods>
					<lines>
						<line number="26" hits="1" branch="False" />
						<line number="27" hits="1" branch="False" />
						<line number="28" hits="1" branch="False" />
						<line number="29" hits="1" branch="False" />
						<line number="30" hits="1" branch="False" />
						<line number="31" hits="1" branch="False" />
						<line number="16" hits="1" branch="False" />
						<line number="17" hits="1" branch="False" />
						<line number="18" hits="1" branch="False" />
						<line number="19" hits="1" branch="False" />
					</lines>
				</class>
			</classes>
		</package>
		<package name="Models" line-rate="1" branch-rate="1" complexity="21">
			<classes>
				<class name="Models.Bed" filename="Models\Bed.cs" line-rate="1" branch-rate="1" complexity="2">
					<methods>
						<method name="get_id" signature="()" line-rate="1" branch-rate="1" complexity="1">
							<lines>
								<line number="8" hits="2" branch="False" />
							</lines>
						</method>
						<method name="get_isOccupied" signature="()" line-rate="1" branch-rate="1" complexity="1">
							<lines>
								<line number="9" hits="2" branch="False" />
							</lines>
						</method>
					</methods>
					<lines>
						<line number="8" hits="2" branch="False" />
						<line number="9" hits="2" branch="False" />
					</lines>
				</class>
				<class name="Models.ICUModel" filename="Models\ICUModel.cs" line-rate="1" branch-rate="1" complexity="3">
					<methods>
						<method name="get_id" signature="()" line-rate="1" branch-rate="1" complexity="1">
							<lines>
								<line number="7" hits="20" branch="False" />
							</lines>
						</method>
						<method name="get_NumberOfBeds" signature="()" line-rate="1" branch-rate="1" complexity="1">
							<lines>
								<line number="8" hits="22" branch="False" />
							</lines>
						</method>
						<method name="get_Layout" signature="()" line-rate="1" branch-rate="1" complexity="1">
							<lines>
								<line number="12" hits="22" branch="False" />
							</lines>
						</method>
					</methods>
					<lines>
						<line number="7" hits="20" branch="False" />
						<line number="8" hits="22" branch="False" />
						<line number="12" hits="22" branch="False" />
					</lines>
				</class>
				<class name="Models.Message" filename="Models\Message.cs" line-rate="1" branch-rate="1" complexity="1">
					<methods>
						<method name="get_Messages" signature="()" line-rate="1" branch-rate="1" complexity="1">
							<lines>
								<line number="9" hits="26" branch="False" />
							</lines>
						</method>
					</methods>
					<lines>
						<line number="9" hits="26" branch="False" />
					</lines>
				</class>
				<class name="Models.PatientDetailsInput" filename="Models\PatientDetailsInput.cs" line-rate="1" branch-rate="1"
				       complexity="4">
					<methods>
						<method name="get_name" signature="()" line-rate="1" branch-rate="1" complexity="1">
							<lines>
								<line number="7" hits="4" branch="False" />
							</lines>
						</method>
						<method name="get_age" signature="()" line-rate="1" branch-rate="1" complexity="1">
							<lines>
								<line number="8" hits="4" branch="False" />
							</lines>
						</method>
						<method name="get_bloodGroup" signature="()" line-rate="1" branch-rate="1" complexity="1">
							<lines>
								<line number="9" hits="4" branch="False" />
							</lines>
						</method>
						<method name="get_address" signature="()" line-rate="1" branch-rate="1" complexity="1">
							<lines>
								<line number="10" hits="4" branch="False" />
							</lines>
						</method>
					</methods>
					<lines>
						<line number="7" hits="4" branch="False" />
						<line number="8" hits="4" branch="False" />
						<line number="9" hits="4" branch="False" />
						<line number="10" hits="4" branch="False" />
					</lines>
				</class>
				<class name="Models.PatientModel" filename="Models\PatientModel.cs" line-rate="1" branch-rate="1" complexity="7">
					<methods>
						<method name="get_Id" signature="()" line-rate="1" branch-rate="1" complexity="1">
							<lines>
								<line number="6" hits="7" branch="False" />
							</lines>
						</method>
						<method name="get_Name" signature="()" line-rate="1" branch-rate="1" complexity="1">
							<lines>
								<line number="7" hits="12" branch="False" />
							</lines>
						</method>
						<method name="get_Age" signature="()" line-rate="1" branch-rate="1" complexity="1">
							<lines>
								<line number="9" hits="12" branch="False" />
							</lines>
						</method>
						<method name="get_BloodGroup" signature="()" line-rate="1" branch-rate="1" complexity="1">
							<lines>
								<line number="11" hits="12" branch="False" />
							</lines>
						</method>
						<method name="get_Address" signature="()" line-rate="1" branch-rate="1" complexity="1">
							<lines>
								<line number="13" hits="12" branch="False" />
							</lines>
						</method>
						<method name="get_IcuId" signature="()" line-rate="1" branch-rate="1" complexity="1">
							<lines>
								<line number="15" hits="7" branch="False" />
							</lines>
						</method>
						<method name="get_BedNumber" signature="()" line-rate="1" branch-rate="1" complexity="1">
							<lines>
								<line number="17" hits="11" branch="False" />
							</lines>
						</method>
					</methods>
					<lines>
						<line number="6" hits="7" branch="False" />
						<line number="7" hits="12" branch="False" />
						<line number="9" hits="12" branch="False" />
						<line number="11" hits="12" branch="False" />
						<line number="13" hits="12" branch="False" />
						<line number="15" hits="7" branch="False" />
						<line number="17" hits="11" branch="False" />
					</lines>
				</class>
				<class name="Models.PatientVitals" filename="Models\PatientVitals.cs" line-rate="1" branch-rate="1" complexity="2">
					<methods>
						<method name="get_Id" signature="()" line-rate="1" branch-rate="1" complexity="1">
							<lines>
								<line number="8" hits="6" branch="False" />
							</lines>
						</method>
						<method name="get_Vitals" signature="()" line-rate="1" branch-rate="1" complexity="1">
							<lines>
								<line number="9" hits="9" branch="False" />
							</lines>
						</method>
					</methods>
					<lines>
						<line number="8" hits="6" branch="False" />
						<line number="9" hits="9" branch="False" />
					</lines>
				</class>
				<class name="Models.UserInput" filename="Models\UserInput.cs" line-rate="1" branch-rate="1" complexity="2">
					<methods>
						<method name="get_NumberOfBeds" signature="()" line-rate="1" branch-rate="1" complexity="1">
							<lines>
								<line number="7" hits="3" branch="False" />
							</lines>
						</method>
						<method name="get_Layout" signature="()" line-rate="1" branch-rate="1" complexity="1">
							<lines>
								<line number="8" hits="3" branch="False" />
							</lines>
						</method>
					</methods>
					<lines>
						<line number="7" hits="3" branch="False" />
						<line number="8" hits="3" branch="False" />
					</lines>
				</class>
			</classes>
		</package>
	</packages>
</coverage>